<?xml version="1.0" encoding="UTF-8"?>
<!-- Generated by org.testng.reporters.JUnitReportReporter -->
<testsuite hostname="RKAINS007" failures="0" tests="1" name="SeleniumTest.SoftAssert" time="0.022" errors="0" timestamp="2023-06-08T18:44:44 IST" skipped="0">
  <testcase classname="SeleniumTest.SoftAssert" name="softssert" time="0.022"/>
  <system-out/>
</testsuite> <!-- SeleniumTest.SoftAssert -->
